{
    "pr_number": 21695,
    "log_file": "21695_2025-06-02 09:07:28.json",
    "differentiating_tests": [
        {
            "test": {
                "test_code": "# Example 9:\nimport numpy as np\nfrom scipy.stats import power_divergence\n\nf_obs = np.array([0, 0, 0, 10])\nf_exp = np.array([0, 0, 0, 10])\nstat, pvalue = power_divergence(f_obs, f_exp, lambda_=\"pearson\")",
                "old_output": "/home/scipy/scipy/stats/_stats_py.py:7140: RuntimeWarning: invalid value encountered in divide\n  terms = (f_obs - f_exp)**2 / f_exp\n",
                "new_output": "/home/scipy/scipy/stats/_stats_py.py:7146: RuntimeWarning: invalid value encountered in divide\n  terms = (f_obs - f_exp)**2 / f_exp\n"
            },
            "label": "intended",
            "comment": ""
        },
        {
            "test": {
                "test_code": "# Example 10:\nimport numpy as np\nfrom scipy.stats import chisquare\n\nf_obs = np.array([5, 5, 15])\nstat, pvalue = chisquare(f_obs, sum_check=False)",
                "old_output": "Traceback (most recent call last):\n  File \"/tmp/Testora/Testora_test_code.py\", line 6, in <module>\n    stat, pvalue = chisquare(f_obs, sum_check=False)\n                   ~~~~~~~~~^^^^^^^^^^^^^^^^^^^^^^^^\nTypeError: chisquare() got an unexpected keyword argument 'sum_check'\n",
                "new_output": ""
            },
            "label": "intended",
            "comment": ""
        },
        {
            "test": {
                "test_code": "# Example 16:\nimport numpy as np\nfrom scipy.stats import power_divergence\n\nf_obs = np.array([1, 0])\nf_exp = np.array([1, 0])\nstat, pvalue = power_divergence(f_obs, f_exp, lambda_=\"pearson\")",
                "old_output": "/home/scipy/scipy/stats/_stats_py.py:7140: RuntimeWarning: invalid value encountered in divide\n  terms = (f_obs - f_exp)**2 / f_exp\n",
                "new_output": "/home/scipy/scipy/stats/_stats_py.py:7146: RuntimeWarning: invalid value encountered in divide\n  terms = (f_obs - f_exp)**2 / f_exp\n"
            },
            "label": "intended",
            "comment": ""
        },
        {
            "test": {
                "test_code": "# Example 17:\nimport numpy as np\nfrom scipy.stats import chisquare\n\nf_obs = np.array([5, 2, 3])\nf_exp = np.array([10, 0, 0])\nstat, pvalue = chisquare(f_obs, f_exp, sum_check=False)",
                "old_output": "Traceback (most recent call last):\n  File \"/tmp/Testora/Testora_test_code.py\", line 7, in <module>\n    stat, pvalue = chisquare(f_obs, f_exp, sum_check=False)\n                   ~~~~~~~~~^^^^^^^^^^^^^^^^^^^^^^^^^^^^^^^\nTypeError: chisquare() got an unexpected keyword argument 'sum_check'\n",
                "new_output": "/home/scipy/scipy/stats/_stats_py.py:7146: RuntimeWarning: divide by zero encountered in divide\n  terms = (f_obs - f_exp)**2 / f_exp\n"
            },
            "label": "intended",
            "comment": ""
        }
    ]
}